[debug] [2021-05-27T09:00:51.002Z] ----------------------------------------------------------------------
[debug] [2021-05-27T09:00:51.003Z] Command:       /usr/local/bin/firebase /Users/iseungtae/.cache/firebase/tools/lib/node_modules/firebase-tools/lib/bin/firebase deploy
[debug] [2021-05-27T09:00:51.004Z] CLI Version:   8.14.1
[debug] [2021-05-27T09:00:51.004Z] Platform:      darwin
[debug] [2021-05-27T09:00:51.004Z] Node Version:  v12.18.1
[debug] [2021-05-27T09:00:51.010Z] Time:          Thu May 27 2021 18:00:51 GMT+0900 (GMT+09:00)
[debug] [2021-05-27T09:00:51.010Z] ----------------------------------------------------------------------
[debug] [2021-05-27T09:00:51.010Z] 
[debug] [2021-05-27T09:00:51.022Z] > command requires scopes: ["email","openid","https://www.googleapis.com/auth/cloudplatformprojects.readonly","https://www.googleapis.com/auth/firebase","https://www.googleapis.com/auth/cloud-platform"]
[debug] [2021-05-27T09:00:51.022Z] > authorizing via signed-in user
[debug] [2021-05-27T09:00:51.022Z] [iam] checking project mongle-mini for permissions ["firebase.projects.get","firebasehosting.sites.update"]
[debug] [2021-05-27T09:00:51.024Z] > refreshing access token with scopes: ["email","https://www.googleapis.com/auth/cloud-platform","https://www.googleapis.com/auth/cloudplatformprojects.readonly","https://www.googleapis.com/auth/firebase","openid"]
[debug] [2021-05-27T09:00:51.024Z] >>> HTTP REQUEST POST https://www.googleapis.com/oauth2/v3/token  
 <request body omitted>
[debug] [2021-05-27T09:00:51.251Z] <<< HTTP RESPONSE 200 {"pragma":"no-cache","expires":"Mon, 01 Jan 1990 00:00:00 GMT","cache-control":"no-cache, no-store, max-age=0, must-revalidate","date":"Thu, 27 May 2021 09:00:51 GMT","content-type":"application/json; charset=utf-8","vary":"X-Origin, Referer, Origin,Accept-Encoding","server":"scaffolding on HTTPServer2","x-xss-protection":"0","x-frame-options":"SAMEORIGIN","x-content-type-options":"nosniff","alt-svc":"h3-29=\":443\"; ma=2592000,h3-T051=\":443\"; ma=2592000,h3-Q050=\":443\"; ma=2592000,h3-Q046=\":443\"; ma=2592000,h3-Q043=\":443\"; ma=2592000,quic=\":443\"; ma=2592000; v=\"46,43\"","accept-ranges":"none","transfer-encoding":"chunked"}
[debug] [2021-05-27T09:00:51.263Z] >>> HTTP REQUEST POST https://cloudresourcemanager.googleapis.com/v1/projects/mongle-mini:testIamPermissions  
 {"permissions":["firebase.projects.get","firebasehosting.sites.update"]}
[debug] [2021-05-27T09:00:52.083Z] <<< HTTP RESPONSE 200 {"content-type":"application/json; charset=UTF-8","vary":"X-Origin, Referer, Origin,Accept-Encoding","date":"Thu, 27 May 2021 09:00:52 GMT","server":"ESF","cache-control":"private","x-xss-protection":"0","x-frame-options":"SAMEORIGIN","x-content-type-options":"nosniff","server-timing":"gfet4t7; dur=567","alt-svc":"h3-29=\":443\"; ma=2592000,h3-T051=\":443\"; ma=2592000,h3-Q050=\":443\"; ma=2592000,h3-Q046=\":443\"; ma=2592000,h3-Q043=\":443\"; ma=2592000,quic=\":443\"; ma=2592000; v=\"46,43\"","accept-ranges":"none","transfer-encoding":"chunked"}
[debug] [2021-05-27T09:00:52.085Z] >>> HTTP REQUEST GET https://firebase.googleapis.com/v1beta1/projects/mongle-mini  
 
[debug] [2021-05-27T09:00:52.696Z] <<< HTTP RESPONSE 200 {"content-type":"application/json; charset=UTF-8","vary":"X-Origin, Referer, Origin,Accept-Encoding","date":"Thu, 27 May 2021 09:00:53 GMT","server":"ESF","cache-control":"private","x-xss-protection":"0","x-frame-options":"SAMEORIGIN","x-content-type-options":"nosniff","alt-svc":"h3-29=\":443\"; ma=2592000,h3-T051=\":443\"; ma=2592000,h3-Q050=\":443\"; ma=2592000,h3-Q046=\":443\"; ma=2592000,h3-Q043=\":443\"; ma=2592000,quic=\":443\"; ma=2592000; v=\"46,43\"","accept-ranges":"none","transfer-encoding":"chunked"}
[info] 
[info] === Deploying to 'mongle-mini'...
[info] 
[info] i  deploying hosting 
[debug] [2021-05-27T09:00:52.700Z] >>> HTTP REQUEST POST https://firebasehosting.googleapis.com/v1beta1/sites/mongle-mini/versions  
 {"config":{"rewrites":[{"glob":"**","path":"/index.html"}],"cleanUrls":true},"labels":{"deployment-tool":"cli-firebase"}}
[debug] [2021-05-27T09:00:54.030Z] <<< HTTP RESPONSE 200 {"content-type":"application/json; charset=UTF-8","vary":"X-Origin, Referer, Origin,Accept-Encoding","date":"Thu, 27 May 2021 09:00:54 GMT","server":"ESF","cache-control":"private","x-xss-protection":"0","x-frame-options":"SAMEORIGIN","x-content-type-options":"nosniff","alt-svc":"h3-29=\":443\"; ma=2592000,h3-T051=\":443\"; ma=2592000,h3-Q050=\":443\"; ma=2592000,h3-Q046=\":443\"; ma=2592000,h3-Q043=\":443\"; ma=2592000,quic=\":443\"; ma=2592000; v=\"46,43\"","accept-ranges":"none","transfer-encoding":"chunked"}
[info] i  hosting[mongle-mini]: beginning deploy... 
[info] i  hosting[mongle-mini]: found 487 files in public 
[debug] [2021-05-27T09:00:54.194Z] [hosting] hash cache [cHVibGlj] stored for 487 files
[debug] [2021-05-27T09:00:54.194Z] [hosting][hash queue][FINAL] {"max":70,"min":0,"avg":2.2749624597615816,"active":0,"complete":487,"success":487,"errored":0,"retried":0,"total":487,"elapsed":78}
[debug] [2021-05-27T09:00:54.194Z] >>> HTTP REQUEST POST https://firebasehosting.googleapis.com/v1beta1/sites/mongle-mini/versions/3d51c024c0f9b775:populateFiles  
 <request body omitted>
[debug] [2021-05-27T09:00:55.844Z] <<< HTTP RESPONSE 200 {"content-type":"application/json; charset=UTF-8","vary":"X-Origin, Referer, Origin,Accept-Encoding","date":"Thu, 27 May 2021 09:00:56 GMT","server":"ESF","cache-control":"private","x-xss-protection":"0","x-frame-options":"SAMEORIGIN","x-content-type-options":"nosniff","alt-svc":"h3-29=\":443\"; ma=2592000,h3-T051=\":443\"; ma=2592000,h3-Q050=\":443\"; ma=2592000,h3-Q046=\":443\"; ma=2592000,h3-Q043=\":443\"; ma=2592000,quic=\":443\"; ma=2592000; v=\"46,43\"","accept-ranges":"none","transfer-encoding":"chunked"}
[debug] [2021-05-27T09:00:55.850Z] [hosting][populate queue][FINAL] {"max":1653,"min":1653,"avg":1653,"active":0,"complete":1,"success":1,"errored":0,"retried":0,"total":1,"elapsed":1658}
[debug] [2021-05-27T09:00:55.850Z] [hosting] uploads queued: 10
[debug] [2021-05-27T09:00:58.398Z] [hosting][upload queue][FINAL] {"max":2553,"min":1403,"avg":1953.7,"active":0,"complete":10,"success":10,"errored":0,"retried":0,"total":10,"elapsed":2553}
[info] ✔  hosting[mongle-mini]: file upload complete 
[debug] [2021-05-27T09:00:58.399Z] [hosting] deploy completed after 4367ms
[debug] [2021-05-27T09:00:58.577Z] [
  {
    "config": {
      "cleanUrls": true,
      "public": "public",
      "ignore": [
        "firebase.json",
        "**/.*",
        "**/node_modules/**",
        "*.cache"
      ],
      "rewrites": [
        {
          "source": "**",
          "destination": "/index.html"
        }
      ],
      "site": "mongle-mini"
    },
    "site": "mongle-mini",
    "version": "sites/mongle-mini/versions/3d51c024c0f9b775"
  }
]
[info] i  hosting[mongle-mini]: finalizing version... 
[debug] [2021-05-27T09:00:58.578Z] >>> HTTP REQUEST PATCH https://firebasehosting.googleapis.com/v1beta1/sites/mongle-mini/versions/3d51c024c0f9b775?updateMask=status  
 {"status":"FINALIZED"}
[debug] [2021-05-27T09:00:59.721Z] <<< HTTP RESPONSE 200 {"content-type":"application/json; charset=UTF-8","vary":"X-Origin, Referer, Origin,Accept-Encoding","date":"Thu, 27 May 2021 09:01:00 GMT","server":"ESF","cache-control":"private","x-xss-protection":"0","x-frame-options":"SAMEORIGIN","x-content-type-options":"nosniff","alt-svc":"h3-29=\":443\"; ma=2592000,h3-T051=\":443\"; ma=2592000,h3-Q050=\":443\"; ma=2592000,h3-Q046=\":443\"; ma=2592000,h3-Q043=\":443\"; ma=2592000,quic=\":443\"; ma=2592000; v=\"46,43\"","accept-ranges":"none","transfer-encoding":"chunked"}
[debug] [2021-05-27T09:00:59.721Z] [hosting] finalized version for mongle-mini: {"name":"sites/mongle-mini/versions/3d51c024c0f9b775","status":"FINALIZED","config":{"rewrites":[{"glob":"**","path":"/index.html"}],"cleanUrls":true},"labels":{"deployment-tool":"cli-firebase"},"createTime":"2021-05-27T09:00:54.371284Z","createUser":{"email":"neverdaless2020@gmail.com"},"finalizeTime":"2021-05-27T09:01:00.218976Z","finalizeUser":{"email":"neverdaless2020@gmail.com"}}
[info] ✔  hosting[mongle-mini]: version finalized 
[info] i  hosting[mongle-mini]: releasing new version... 
[debug] [2021-05-27T09:00:59.722Z] >>> HTTP REQUEST POST https://firebasehosting.googleapis.com/v1beta1/sites/mongle-mini/releases?version_name=sites/mongle-mini/versions/3d51c024c0f9b775  
 {"message":null}
[debug] [2021-05-27T09:01:00.435Z] <<< HTTP RESPONSE 200 {"content-type":"application/json; charset=UTF-8","vary":"X-Origin, Referer, Origin,Accept-Encoding","date":"Thu, 27 May 2021 09:01:00 GMT","server":"ESF","cache-control":"private","x-xss-protection":"0","x-frame-options":"SAMEORIGIN","x-content-type-options":"nosniff","alt-svc":"h3-29=\":443\"; ma=2592000,h3-T051=\":443\"; ma=2592000,h3-Q050=\":443\"; ma=2592000,h3-Q046=\":443\"; ma=2592000,h3-Q043=\":443\"; ma=2592000,quic=\":443\"; ma=2592000; v=\"46,43\"","accept-ranges":"none","transfer-encoding":"chunked"}
[debug] [2021-05-27T09:01:00.436Z] [hosting] release: {"name":"sites/mongle-mini/releases/1622106060192528","version":{"name":"sites/mongle-mini/versions/3d51c024c0f9b775","status":"FINALIZED","config":{"rewrites":[{"glob":"**","path":"/index.html"}],"cleanUrls":true},"labels":{"deployment-tool":"cli-firebase"},"createTime":"2021-05-27T09:00:54.371284Z","createUser":{"email":"neverdaless2020@gmail.com"},"finalizeTime":"2021-05-27T09:01:00.218976Z","finalizeUser":{"email":"neverdaless2020@gmail.com"}},"type":"DEPLOY","releaseTime":"2021-05-27T09:01:00.192528676Z","releaseUser":{"email":"neverdaless2020@gmail.com"}}
[info] ✔  hosting[mongle-mini]: release complete 
[info] 
[info] ✔  Deploy complete! 
[info] 
[info] Project Console: https://console.firebase.google.com/project/mongle-mini/overview
[info] Hosting URL: https://mongle-mini.web.app
